


ARM Macro Assembler    Page 1 CMPE 250 Lab 03


    1 00000000                 TTL              CMPE 250 Lab 03
    2 00000000         ;*******************************************************
                       *********
    3 00000000         ;Descriptive comment header goes here.
    4 00000000         ;(What does the program do?)
    5 00000000         ;Name:  Ari Sanders
    6 00000000         ;Date:  9/10/15
    7 00000000         ;Class:  CMPE-250
    8 00000000         ;Section:  04, Thursday, 4-5:50
    9 00000000         ;-------------------------------------------------------
                       --------
   10 00000000         ;Keil Simulator Template for KL46
   11 00000000         ;R. W. Melton
   12 00000000         ;January 23, 2015
   13 00000000         ;*******************************************************
                       *********
   14 00000000         ;Assembler directives
   15 00000000                 THUMB
   17 00000000         ;*******************************************************
                       *********
   18 00000000         ;EQUates
   19 00000000         ;Vectors
   20 00000000 000000C0 
                       VECTOR_TABLE_SIZE
                               EQU              0x000000C0
   21 00000000 00000004 
                       VECTOR_SIZE
                               EQU              4           ;Bytes per vector
   22 00000000         ;Stack
   23 00000000 00000100 
                       SSTACK_SIZE
                               EQU              0x00000100
   24 00000000 00000001 
                       MULT2   EQU              1
   25 00000000 00000002 
                       MULT4   EQU              2
   26 00000000         ;*******************************************************
                       *********
   27 00000000         ;Program
   28 00000000         ;Linker requires Reset_Handler
   29 00000000                 AREA             MyCode,CODE,READONLY
   30 00000000                 ENTRY
   31 00000000                 EXPORT           Reset_Handler
   32 00000000         Reset_Handler
   33 00000000         main
   34 00000000         ;-------------------------------------------------------
                       --------
   35 00000000         ;>>>>> begin main program code <<<<<
   36 00000000         ;Fill registers from variables
   37 00000000 4923            LDR              R1, =P
   38 00000002 6809            LDR              R1, [R1, #0]
   39 00000004 4A23            LDR              R2, =Q
   40 00000006 6812            LDR              R2, [R2, #0]
   41 00000008 4B23            LDR              R3, =R
   42 0000000A 681B            LDR              R3, [R3, #0]
   43 0000000C         
   44 0000000C 2280            MOVS             R2, #128    ;So we can use CMN
   45 0000000E         ;F = 2P - 3Q + R + const_F
   46 0000000E 0048            LSLS             R0, R1, #MULT2 ;2P



ARM Macro Assembler    Page 2 CMPE 250 Lab 03


   47 00000010 42D0            CMN              R0, R2
   48 00000012 D432            BMI              STOP_F
   49 00000014 287F            CMP              R0, #127
   50 00000016 D530            BPL              STOP_F
   51 00000018         
   52 00000018 0054            LSLS             R4, R2, #MULT2 ;2Q
   53 0000001A 42D4            CMN              R4, R2
   54 0000001C D42D            BMI              STOP_F
   55 0000001E 2C7F            CMP              R4, #127
   56 00000020 D52B            BPL              STOP_F
   57 00000022         
   58 00000022 18A4            ADDS             R4, R4, R2  ;3Q
   59 00000024 42D4            CMN              R4, R2
   60 00000026 D428            BMI              STOP_F
   61 00000028 2C7F            CMP              R4, #127
   62 0000002A D526            BPL              STOP_F
   63 0000002C         
   64 0000002C 1B00            SUBS             R0, R0, R4  ;-
   65 0000002E 42D0            CMN              R0, R2
   66 00000030 D423            BMI              STOP_F
   67 00000032 287F            CMP              R0, #127
   68 00000034 D521            BPL              STOP_F
   69 00000036         
   70 00000036 18C0            ADDS             R0, R0, R3  ;+ R
   71 00000038 42D0            CMN              R0, R2
   72 0000003A D41E            BMI              STOP_F
   73 0000003C 287F            CMP              R0, #127
   74 0000003E D51C            BPL              STOP_F
   75 00000040         
   76 00000040 1C00            ADDS             R0, R0, #const_F ;+ const_F
   77 00000042 42D0            CMN              R0, R2
   78 00000044 D419            BMI              STOP_F
   79 00000046 287F            CMP              R0, #127
   80 00000048 D517            BPL              STOP_F
   81 0000004A         
   82 0000004A 4C14            LDR              R4, =F
   83 0000004C 6020            STR              R0, [R4, #0] ;Store value back 
                                                            to F
   84 0000004E         
   85 0000004E         ;G = 5P - 4Q - 2R + const_G
   86 0000004E         START_G
   87 0000004E 0088            LSLS             R0, R1, #MULT4 ;4P
   88 00000050 1840            ADDS             R0, R0, R1  ;5P
   89 00000052 0094            LSLS             R4, R2, #MULT4 ;4Q
   90 00000054 1B00            SUBS             R0, R0, R4  ;-
   91 00000056 005C            LSLS             R4, R3, #MULT2 ;2R
   92 00000058 1B00            SUBS             R0, R0, R4  ;-
   93 0000005A 1C00            ADDS             R0, R0, #const_G ;+ const_G
   94 0000005C 4C10            LDR              R4, =G
   95 0000005E 6020            STR              R0, [R4, #0] ;Store value back 
                                                            to G
   96 00000060         
   97 00000060         ;H = P - 2Q + R - const_H
   98 00000060         START_H
   99 00000060 0050            LSLS             R0, R2, #MULT2 ;2Q
  100 00000062 1A88            SUBS             R0, R1, R2  ;P -
  101 00000064 18C0            ADDS             R0, R0, R3  ;+ R
  102 00000066 1E00            SUBS             R0, R0, #const_H ;- const_H
  103 00000068 4C0E            LDR              R4, =H



ARM Macro Assembler    Page 3 CMPE 250 Lab 03


  104 0000006A 6020            STR              R0, [R4, #0] ;Store value back 
                                                            to H
  105 0000006C         
  106 0000006C         ;Result = F + G + H
  107 0000006C         START_Result
  108 0000006C 2100            MOVS             R1, #G      ;G
  109 0000006E 2200            MOVS             R2, #F      ;F
  110 00000070 1840            ADDS             R0, R0, R1  ;H + G
  111 00000072 1880            ADDS             R0, R0, R2  ;+ F
  112 00000074 4C0C            LDR              R4, =Result
  113 00000076 6020            STR              R0, [R4, #0] ;Store value back 
                                                            to Result
  114 00000078         
  115 00000078 E7FE            B                .           ;Normal Stop
  116 0000007A         
  117 0000007A         STOP_F
  118 0000007A 4C08            LDR              R4, =F
  119 0000007C 6020            STR              R0, [R4, #0] ;Store value back 
                                                            to F
  120 0000007E E7E6            B                START_G
  121 00000080         STOP_G
  122 00000080 4C07            LDR              R4, =G
  123 00000082 6020            STR              R0, [R4, #0] ;Store value back 
                                                            to F
  124 00000084 E7EC            B                START_H
  125 00000086         STOP_H
  126 00000086 4C07            LDR              R4, =H
  127 00000088 6020            STR              R0, [R4, #0] ;Store value back 
                                                            to F
  128 0000008A E7EF            B                START_Result
  129 0000008C         
  130 0000008C         ;>>>>>   end main program code <<<<<
  131 0000008C         ;Stay here
  132 0000008C E7FE            B                .
  133 0000008E         ;-------------------------------------------------------
                       --------
  134 0000008E         ;>>>>> begin subroutine code <<<<<
  135 0000008E         ;>>>>>   end subroutine code <<<<<
  136 0000008E 00 00           ALIGN
  137 00000090         ;*******************************************************
                       *********
  138 00000090         ;Vector Table Mapped to Address 0 at Reset
  139 00000090         ;Linker requires __Vectors to be exported
  140 00000090 00000000 
              00000000 
              00000000 
              00000000 
              00000000 
              00000000 
              00000000 
              00000000 
              00000000 
              00000000         AREA             RESET, DATA, READONLY
  141 00000000                 EXPORT           __Vectors
  142 00000000                 EXPORT           __Vectors_End
  143 00000000                 EXPORT           __Vectors_Size
  144 00000000         __Vectors
  145 00000000         ;ARM core vectors
  146 00000000 00000000        DCD              __initial_sp ;00:end of stack



ARM Macro Assembler    Page 4 CMPE 250 Lab 03


  147 00000004 00000000        DCD              Reset_Handler ;reset vector
  148 00000008 00 00 00 
              00 00 00 
              00 00 00 
              00 00 00 
              00 00 00 
              00 00 00 
              00 00 00 
              00 00 00 
              00 00 00 
              00 00 00 
              00 00 00 
              00 00 00 
              00 00 00 
              00 00 00 
              00 00 00 
              00 00 00 
              00 00 00 
              00 00 00 
              00 00 00 
              00 00 00 
              00 00 00 
              00 00 00 
              00 00 00 
              00 00 00 
              00 00 00 
              00 00 00 
              00 00 00 
              00 00 00 
              00 00 00 
              00 00 00 
              00 00 00 
              00 00 00 
              00 00 00 
              00 00 00 
              00 00 00 
              00 00 00 
              00 00 00 
              00 00 00 
              00 00 00 
              00 00 00 
              00 00 00 
              00 00 00 
              00 00 00 
              00 00 00 
              00 00 00 
              00 00 00 
              00 00 00 
              00 00 00 
              00 00 00 
              00 00 00 
              00 00 00 
              00 00 00 
              00 00 00 
              00 00 00 
              00 00 00 
              00 00 00 
              00 00 00 
              00 00 00 



ARM Macro Assembler    Page 5 CMPE 250 Lab 03


              00 00 00 
              00 00 00 
              00 00 00 
              00               SPACE            (VECTOR_TABLE_SIZE - (2 * VECTO
R_SIZE))
  149 000000C0         __Vectors_End
  150 000000C0 000000C0 
                       __Vectors_Size
                               EQU              __Vectors_End - __Vectors
  151 000000C0                 ALIGN
  152 000000C0         ;*******************************************************
                       *********
  153 000000C0         ;Constants
  154 000000C0                 AREA             MyConst,DATA,READONLY
  155 00000000         ;>>>>> begin constants here <<<<<
  156 00000000 00000033 
                       const_F DCD              51
  157 00000004 00000007 
                       const_G DCD              7
  158 00000008 FFFFFFA5 
                       const_H DCD              -91
  159 0000000C         ;>>>>>   end constants here <<<<<
  160 0000000C         ;*******************************************************
                       *********
  161 0000000C                 AREA             |.ARM.__at_0x1FFFE000|,DATA,REA
DWRITE,ALIGN=3
  162 00000000                 EXPORT           __initial_sp
  163 00000000         ;Allocate system stack
  164 00000000                 IF               :LNOT::DEF:SSTACK_SIZE
  166                          ENDIF
  167 00000000 00 00 00 
              00 00 00 
              00 00 00 
              00 00 00 
              00 00 00 
              00 00 00 
              00 00 00 
              00 00 00 
              00 00 00 
              00 00 00 
              00 00 00 
              00 00 00 
              00 00 00 
              00 00 00 
              00 00 00 
              00 00 00 
              00 00 00 
              00 00 00 
              00 00 00 
              00 00 00 
              00 00 00 
              00 00 00 
              00 00 00 
              00 00 00 
              00 00 00 
              00 00 00 
              00 00 00 
              00 00 00 
              00 00 00 



ARM Macro Assembler    Page 6 CMPE 250 Lab 03


              00 00 00 
              00 00 00 
              00 00 00 
              00 00 00 
              00 00 00 
              00 00 00 
              00 00 00 
              00 00 00 
              00 00 00 
              00 00 00 
              00 00 00 
              00 00 00 
              00 00 00 
              00 00 00 
              00 00 00 
              00 00 00 
              00 00 00 
              00 00 00 
              00 00 00 
              00 00 00 
              00 00 00 
              00 00 00 
              00 00 00 
              00 00 00 
              00 00 00 
              00 00 00 
              00 00 00 
              00 00 00 
              00 00 00 
              00 00 00 
              00 00 00 
              00 00 00 
              00 00 00 
              00 00 00 
              00 00 00 
              00 00 00 
              00 00 00 
              00 00 00 
              00 00 00 
              00 00 00 
              00 00 00 
              00 00 00 
              00 00 00 
              00 00 00 
              00 00 00 
              00 00 00 
              00 00 00 
              00 00 00 
              00 00 00 
              00 00 00 
              00 00 00 
              00 00 00 
              00 00 00 
              00 00 00 
              00 00 00 
              00 00 00 
              00       Stack_Mem
                               SPACE            SSTACK_SIZE
  168 00000100         __initial_sp



ARM Macro Assembler    Page 7 CMPE 250 Lab 03


  169 00000100         ;*******************************************************
                       *********
  170 00000100         ;Variables
  171 00000100                 AREA             MyData,DATA,READWRITE
  172 00000000         ;>>>>> begin variables here <<<<<
  173 00000000 00 00 00 
              00       F       SPACE            4
  174 00000004 00 00 00 
              00       G       SPACE            4
  175 00000008 00 00 00 
              00       H       SPACE            4
  176 0000000C 00 00 00 
              00       P       SPACE            4
  177 00000010 00 00 00 
              00       Q       SPACE            4
  178 00000014 00 00 00 
              00       R       SPACE            4
  179 00000018 00 00 00 
              00       Result  SPACE            4
  180 0000001C         ;>>>>>   end variables here <<<<<
  181 0000001C                 END
Command Line: --debug --xref --diag_suppress=9931 --cpu=Cortex-M0+ --apcs=inter
work --depend=.\lab03.d -o.\lab03.o -I"C:\Users\sande_000\Documents\RIT\Fall 20
15\CMPE-250\Lab03\RTE" -IC:\Keil_v5\ARM\PACK\Keil\Kinetis_KLxx_DFP\1.7.0\Device
\Include -IC:\Keil_v5\ARM\CMSIS\Include --predefine="__EVAL SETA 1" --predefine
="__UVISION_VERSION SETA 516" --predefine="MKL46Z256xxx4 SETA 1" --list=.\lab03
.lst lab03.s
